<?xml version="1.0" encoding="UTF-8"?>
<!-- Generated by org.testng.reporters.JUnitXMLReporter -->
<testsuite hostname="MININT-0TIOLLH" name="Default test" tests="4" failures="0" timestamp="5 Oct 2016 15:25:48 GMT" time="0.094" errors="0">
  <testcase name="TestremoveCharByChar1" time="0.037" classname="com.apple.StringProblem.RemoveCharTest"/>
  <testcase name="TestremoveCharByChar2" time="0.002" classname="com.apple.StringProblem.RemoveCharTest"/>
  <testcase name="TestremoveCharByChar3" time="0.004" classname="com.apple.StringProblem.RemoveCharTest"/>
  <testcase name="TestremoveCharByMethod1" time="0.003" classname="com.apple.StringProblem.RemoveCharTest"/>
</testsuite> <!-- Default test -->
